2025-09-08 00:06:19 WARN  HikariPool                     - HikariPool-1 - Thread starvation or clock leap detected (housekeeper delta=14m13s480ms).
2025-09-08 00:21:51 WARN  HikariPool                     - HikariPool-1 - Thread starvation or clock leap detected (housekeeper delta=15m31s415ms).
2025-09-08 00:37:27 WARN  HikariPool                     - HikariPool-1 - Thread starvation or clock leap detected (housekeeper delta=15m36s239ms).
2025-09-08 00:52:58 WARN  HikariPool                     - HikariPool-1 - Thread starvation or clock leap detected (housekeeper delta=15m31s240ms).
2025-09-08 01:08:30 WARN  HikariPool                     - HikariPool-1 - Thread starvation or clock leap detected (housekeeper delta=15m31s501ms).
2025-09-08 01:37:49 WARN  HikariPool                     - HikariPool-1 - Thread starvation or clock leap detected (housekeeper delta=29m19s2ms).
2025-09-08 01:53:21 WARN  HikariPool                     - HikariPool-1 - Thread starvation or clock leap detected (housekeeper delta=15m32s555ms).
2025-09-08 02:08:52 WARN  HikariPool                     - HikariPool-1 - Thread starvation or clock leap detected (housekeeper delta=15m30s891ms).
2025-09-08 02:24:23 WARN  HikariPool                     - HikariPool-1 - Thread starvation or clock leap detected (housekeeper delta=15m30s794ms).
2025-09-08 02:39:59 WARN  HikariPool                     - HikariPool-1 - Thread starvation or clock leap detected (housekeeper delta=15m36s294ms).
2025-09-08 02:55:31 WARN  HikariPool                     - HikariPool-1 - Thread starvation or clock leap detected (housekeeper delta=15m31s384ms).
2025-09-08 03:11:08 WARN  HikariPool                     - HikariPool-1 - Thread starvation or clock leap detected (housekeeper delta=15m36s796ms).
2025-09-08 03:26:39 WARN  HikariPool                     - HikariPool-1 - Thread starvation or clock leap detected (housekeeper delta=15m31s283ms).
2025-09-08 03:42:10 WARN  HikariPool                     - HikariPool-1 - Thread starvation or clock leap detected (housekeeper delta=15m31s328ms).
2025-09-08 03:57:42 WARN  HikariPool                     - HikariPool-1 - Thread starvation or clock leap detected (housekeeper delta=15m31s623ms).
2025-09-08 04:13:13 WARN  HikariPool                     - HikariPool-1 - Thread starvation or clock leap detected (housekeeper delta=15m31s377ms).
2025-09-08 04:43:47 WARN  HikariPool                     - HikariPool-1 - Thread starvation or clock leap detected (housekeeper delta=30m34s100ms).
2025-09-08 04:59:19 WARN  HikariPool                     - HikariPool-1 - Thread starvation or clock leap detected (housekeeper delta=15m31s522ms).
2025-09-08 05:14:50 WARN  HikariPool                     - HikariPool-1 - Thread starvation or clock leap detected (housekeeper delta=15m31s303ms).
2025-09-08 05:30:31 WARN  HikariPool                     - HikariPool-1 - Thread starvation or clock leap detected (housekeeper delta=15m40s871ms).
2025-09-08 05:36:05 WARN  HikariPool                     - HikariPool-1 - Thread starvation or clock leap detected (housekeeper delta=5m34s81ms).
2025-09-08 05:51:36 WARN  HikariPool                     - HikariPool-1 - Thread starvation or clock leap detected (housekeeper delta=15m31s366ms).
2025-09-08 06:07:08 WARN  HikariPool                     - HikariPool-1 - Thread starvation or clock leap detected (housekeeper delta=15m31s390ms).
2025-09-08 06:22:39 WARN  HikariPool                     - HikariPool-1 - Thread starvation or clock leap detected (housekeeper delta=15m31s311ms).
2025-09-08 06:38:10 WARN  HikariPool                     - HikariPool-1 - Thread starvation or clock leap detected (housekeeper delta=15m31s81ms).
2025-09-08 08:37:54 WARN  HikariPool                     - HikariPool-1 - Thread starvation or clock leap detected (housekeeper delta=1h59m44s24ms).
2025-09-08 09:05:32 WARN  HikariPool                     - HikariPool-1 - Thread starvation or clock leap detected (housekeeper delta=27m37s604ms).
2025-09-08 09:06:24 INFO  GracefulShutdown               - Commencing graceful shutdown. Waiting for active requests to complete
2025-09-08 09:06:24 INFO  GracefulShutdown               - Graceful shutdown complete
2025-09-08 09:06:26 INFO  tainerEntityManagerFactoryBean - Closing JPA EntityManagerFactory for persistence unit 'default'
2025-09-08 09:06:26 INFO  HikariDataSource               - HikariPool-1 - Shutdown initiated...
2025-09-08 09:06:26 INFO  HikariDataSource               - HikariPool-1 - Shutdown completed.
2025-09-08 09:09:24 INFO  MySpringBootAppApplication     - Starting MySpringBootAppApplication using Java 21.0.5 with PID 20004 (/Users/ervijay/Documents/Projects/my-spring-boot-app/target/classes started by ervijay in /Users/ervijay/Documents/Projects/my-spring-boot-app)
2025-09-08 09:09:24 DEBUG MySpringBootAppApplication     - Running with Spring Boot v3.5.5, Spring v6.2.10
2025-09-08 09:09:24 INFO  MySpringBootAppApplication     - No active profile set, falling back to 1 default profile: "default"
2025-09-08 09:09:25 INFO  epositoryConfigurationDelegate - Bootstrapping Spring Data JPA repositories in DEFAULT mode.
2025-09-08 09:09:25 INFO  epositoryConfigurationDelegate - Finished Spring Data repository scanning in 82 ms. Found 2 JPA repository interfaces.
2025-09-08 09:09:25 INFO  TomcatWebServer                - Tomcat initialized with port 8081 (http)
2025-09-08 09:09:25 INFO  StandardService                - Starting service [Tomcat]
2025-09-08 09:09:25 INFO  StandardEngine                 - Starting Servlet engine: [Apache Tomcat/10.1.44]
2025-09-08 09:09:25 INFO  [/]                            - Initializing Spring embedded WebApplicationContext
2025-09-08 09:09:25 INFO  letWebServerApplicationContext - Root WebApplicationContext: initialization completed in 1016 ms
2025-09-08 09:09:25 INFO  LogHelper                      - HHH000204: Processing PersistenceUnitInfo [name: default]
2025-09-08 09:09:25 INFO  Version                        - HHH000412: Hibernate ORM core version 6.6.26.Final
2025-09-08 09:09:25 INFO  RegionFactoryInitiator         - HHH000026: Second-level cache disabled
2025-09-08 09:09:26 INFO  SpringPersistenceUnitInfo      - No LoadTimeWeaver setup: ignoring JPA class transformer
2025-09-08 09:09:26 INFO  HikariDataSource               - HikariPool-1 - Starting...
2025-09-08 09:09:26 INFO  HikariPool                     - HikariPool-1 - Added connection org.postgresql.jdbc.PgConnection@2b4829aa
2025-09-08 09:09:26 INFO  HikariDataSource               - HikariPool-1 - Start completed.
2025-09-08 09:09:26 WARN  deprecation                    - HHH90000025: PostgreSQLDialect does not need to be specified explicitly using 'hibernate.dialect' (remove the property setting and it will be selected by default)
2025-09-08 09:09:26 INFO  pooling                        - HHH10001005: Database info:
	Database JDBC URL [Connecting through datasource 'HikariDataSource (HikariPool-1)']
	Database driver: undefined/unknown
	Database version: 17.6
	Autocommit mode: undefined/unknown
	Isolation level: undefined/unknown
	Minimum pool size: undefined/unknown
	Maximum pool size: undefined/unknown
2025-09-08 09:09:26 INFO  JtaPlatformInitiator           - HHH000489: No JTA platform available (set 'hibernate.transaction.jta.platform' to enable JTA platform integration)
2025-09-08 09:09:26 INFO  tainerEntityManagerFactoryBean - Initialized JPA EntityManagerFactory for persistence unit 'default'
2025-09-08 09:09:27 ERROR nsServerAddressStreamProviders - Unable to load io.netty.resolver.dns.macos.MacOSDnsServerAddressStreamProvider, fallback to system defaults. This may result in incorrect DNS resolutions on MacOS. Check whether you have a dependency on 'io.netty:netty-resolver-dns-native-macos'. Use DEBUG level to see the full stack: java.lang.UnsatisfiedLinkError: failed to load the required native library
2025-09-08 09:09:27 WARN  etailsServiceAutoConfiguration - 

Using generated security password: 9a5aaf6c-842e-4cea-8ca8-c0ff87fcab4a

This generated password is for development use only. Your security configuration must be updated before running your application in production.

2025-09-08 09:09:27 INFO  zeUserDetailsManagerConfigurer - Global AuthenticationManager configured with UserDetailsService bean with name inMemoryUserDetailsManager
2025-09-08 09:09:27 INFO  TomcatWebServer                - Tomcat started on port 8081 (http) with context path '/'
2025-09-08 09:09:27 INFO  MySpringBootAppApplication     - Started MySpringBootAppApplication in 3.464 seconds (process running for 3.705)
2025-09-08 09:09:46 INFO  [/]                            - Initializing Spring DispatcherServlet 'dispatcherServlet'
2025-09-08 09:09:46 INFO  DispatcherServlet              - Initializing Servlet 'dispatcherServlet'
2025-09-08 09:09:46 INFO  DispatcherServlet              - Completed initialization in 0 ms
2025-09-08 09:11:13 INFO  MySpringBootAppApplication     - Starting MySpringBootAppApplication using Java 21.0.5 with PID 20768 (/Users/ervijay/Documents/Projects/my-spring-boot-app/target/classes started by ervijay in /Users/ervijay/Documents/Projects/my-spring-boot-app)
2025-09-08 09:11:13 DEBUG MySpringBootAppApplication     - Running with Spring Boot v3.5.5, Spring v6.2.10
2025-09-08 09:11:13 INFO  MySpringBootAppApplication     - No active profile set, falling back to 1 default profile: "default"
2025-09-08 09:11:14 INFO  epositoryConfigurationDelegate - Bootstrapping Spring Data JPA repositories in DEFAULT mode.
2025-09-08 09:11:14 INFO  epositoryConfigurationDelegate - Finished Spring Data repository scanning in 80 ms. Found 2 JPA repository interfaces.
2025-09-08 09:11:14 INFO  TomcatWebServer                - Tomcat initialized with port 8081 (http)
2025-09-08 09:11:14 INFO  StandardService                - Starting service [Tomcat]
2025-09-08 09:11:14 INFO  StandardEngine                 - Starting Servlet engine: [Apache Tomcat/10.1.44]
2025-09-08 09:11:14 INFO  [/]                            - Initializing Spring embedded WebApplicationContext
2025-09-08 09:11:14 INFO  letWebServerApplicationContext - Root WebApplicationContext: initialization completed in 975 ms
2025-09-08 09:11:14 INFO  LogHelper                      - HHH000204: Processing PersistenceUnitInfo [name: default]
2025-09-08 09:11:14 INFO  Version                        - HHH000412: Hibernate ORM core version 6.6.26.Final
2025-09-08 09:11:14 INFO  RegionFactoryInitiator         - HHH000026: Second-level cache disabled
2025-09-08 09:11:15 INFO  SpringPersistenceUnitInfo      - No LoadTimeWeaver setup: ignoring JPA class transformer
2025-09-08 09:11:15 INFO  HikariDataSource               - HikariPool-1 - Starting...
2025-09-08 09:11:15 INFO  HikariPool                     - HikariPool-1 - Added connection org.postgresql.jdbc.PgConnection@7b598d05
2025-09-08 09:11:15 INFO  HikariDataSource               - HikariPool-1 - Start completed.
2025-09-08 09:11:15 WARN  deprecation                    - HHH90000025: PostgreSQLDialect does not need to be specified explicitly using 'hibernate.dialect' (remove the property setting and it will be selected by default)
2025-09-08 09:11:15 INFO  pooling                        - HHH10001005: Database info:
	Database JDBC URL [Connecting through datasource 'HikariDataSource (HikariPool-1)']
	Database driver: undefined/unknown
	Database version: 17.6
	Autocommit mode: undefined/unknown
	Isolation level: undefined/unknown
	Minimum pool size: undefined/unknown
	Maximum pool size: undefined/unknown
2025-09-08 09:11:15 INFO  JtaPlatformInitiator           - HHH000489: No JTA platform available (set 'hibernate.transaction.jta.platform' to enable JTA platform integration)
2025-09-08 09:11:15 INFO  tainerEntityManagerFactoryBean - Initialized JPA EntityManagerFactory for persistence unit 'default'
2025-09-08 09:11:16 ERROR nsServerAddressStreamProviders - Unable to load io.netty.resolver.dns.macos.MacOSDnsServerAddressStreamProvider, fallback to system defaults. This may result in incorrect DNS resolutions on MacOS. Check whether you have a dependency on 'io.netty:netty-resolver-dns-native-macos'. Use DEBUG level to see the full stack: java.lang.UnsatisfiedLinkError: failed to load the required native library
2025-09-08 09:11:16 INFO  TomcatWebServer                - Tomcat started on port 8081 (http) with context path '/'
2025-09-08 09:11:16 INFO  MySpringBootAppApplication     - Started MySpringBootAppApplication in 3.345 seconds (process running for 3.594)
2025-09-08 09:11:17 INFO  [/]                            - Initializing Spring DispatcherServlet 'dispatcherServlet'
2025-09-08 09:11:17 INFO  DispatcherServlet              - Initializing Servlet 'dispatcherServlet'
2025-09-08 09:11:17 INFO  DispatcherServlet              - Completed initialization in 0 ms
2025-09-08 09:11:27 INFO  AbstractOpenApiResource        - Init duration for springdoc-openapi is: 199 ms
2025-09-08 09:11:54 INFO  MySpringBootAppApplication     - Starting MySpringBootAppApplication using Java 21.0.5 with PID 21434 (/Users/ervijay/Documents/Projects/my-spring-boot-app/target/classes started by ervijay in /Users/ervijay/Documents/Projects/my-spring-boot-app)
2025-09-08 09:11:54 DEBUG MySpringBootAppApplication     - Running with Spring Boot v3.5.5, Spring v6.2.10
2025-09-08 09:11:54 INFO  MySpringBootAppApplication     - No active profile set, falling back to 1 default profile: "default"
2025-09-08 09:11:54 INFO  epositoryConfigurationDelegate - Bootstrapping Spring Data JPA repositories in DEFAULT mode.
2025-09-08 09:11:54 INFO  epositoryConfigurationDelegate - Finished Spring Data repository scanning in 78 ms. Found 2 JPA repository interfaces.
2025-09-08 09:11:55 INFO  TomcatWebServer                - Tomcat initialized with port 8081 (http)
2025-09-08 09:11:55 INFO  StandardService                - Starting service [Tomcat]
2025-09-08 09:11:55 INFO  StandardEngine                 - Starting Servlet engine: [Apache Tomcat/10.1.44]
2025-09-08 09:11:55 INFO  [/]                            - Initializing Spring embedded WebApplicationContext
2025-09-08 09:11:55 INFO  letWebServerApplicationContext - Root WebApplicationContext: initialization completed in 985 ms
2025-09-08 09:11:55 INFO  LogHelper                      - HHH000204: Processing PersistenceUnitInfo [name: default]
2025-09-08 09:11:55 INFO  Version                        - HHH000412: Hibernate ORM core version 6.6.26.Final
2025-09-08 09:11:55 INFO  RegionFactoryInitiator         - HHH000026: Second-level cache disabled
2025-09-08 09:11:55 INFO  SpringPersistenceUnitInfo      - No LoadTimeWeaver setup: ignoring JPA class transformer
2025-09-08 09:11:55 INFO  HikariDataSource               - HikariPool-1 - Starting...
2025-09-08 09:11:55 INFO  HikariPool                     - HikariPool-1 - Added connection org.postgresql.jdbc.PgConnection@2ec5cc14
2025-09-08 09:11:55 INFO  HikariDataSource               - HikariPool-1 - Start completed.
2025-09-08 09:11:55 WARN  deprecation                    - HHH90000025: PostgreSQLDialect does not need to be specified explicitly using 'hibernate.dialect' (remove the property setting and it will be selected by default)
2025-09-08 09:11:55 INFO  pooling                        - HHH10001005: Database info:
	Database JDBC URL [Connecting through datasource 'HikariDataSource (HikariPool-1)']
	Database driver: undefined/unknown
	Database version: 17.6
	Autocommit mode: undefined/unknown
	Isolation level: undefined/unknown
	Minimum pool size: undefined/unknown
	Maximum pool size: undefined/unknown
2025-09-08 09:11:56 INFO  JtaPlatformInitiator           - HHH000489: No JTA platform available (set 'hibernate.transaction.jta.platform' to enable JTA platform integration)
2025-09-08 09:11:56 INFO  tainerEntityManagerFactoryBean - Initialized JPA EntityManagerFactory for persistence unit 'default'
2025-09-08 09:11:56 ERROR nsServerAddressStreamProviders - Unable to load io.netty.resolver.dns.macos.MacOSDnsServerAddressStreamProvider, fallback to system defaults. This may result in incorrect DNS resolutions on MacOS. Check whether you have a dependency on 'io.netty:netty-resolver-dns-native-macos'. Use DEBUG level to see the full stack: java.lang.UnsatisfiedLinkError: failed to load the required native library
2025-09-08 09:11:56 INFO  TomcatWebServer                - Tomcat started on port 8081 (http) with context path '/'
2025-09-08 09:11:56 INFO  MySpringBootAppApplication     - Started MySpringBootAppApplication in 3.094 seconds (process running for 3.343)
2025-09-08 09:11:57 INFO  [/]                            - Initializing Spring DispatcherServlet 'dispatcherServlet'
2025-09-08 09:11:57 INFO  DispatcherServlet              - Initializing Servlet 'dispatcherServlet'
2025-09-08 09:11:57 INFO  DispatcherServlet              - Completed initialization in 1 ms
2025-09-08 09:11:58 INFO  AbstractOpenApiResource        - Init duration for springdoc-openapi is: 192 ms
